2025-10-22 19:46:47,272 - Подключение прошло успешно
2025-10-22 19:46:47,272 -  файл on_the_contrary_eng, p_value_otr, null_hypothesis_otr, alt_hyputhesis_itr, DAU_otr, WAU_otr, MAU_otr, cost_per_click_otr, click_through_rate_otr, cost_per_acquisition_otr успешно прочитан
2025-10-22 19:46:47,283 - Соединение с сервером закрыто
2025-10-22 19:49:04,234 - Подключение прошло успешно
2025-10-22 19:49:04,235 -  файл on_the_contrary_eng, p_value_otr, null_hypothesis_otr, alt_hyputhesis_itr, DAU_otr, WAU_otr, MAU_otr, cost_per_click_otr, click_through_rate_otr, cost_per_acquisition_otr успешно прочитан
2025-10-22 19:49:04,236 - Соединение с сервером закрыто
2025-10-22 19:56:08,139 - Подключение прошло успешно
2025-10-22 19:56:08,140 -  файл on_the_contrary_eng, p_value_otr, null_hypothesis_otr, alt_hyputhesis_itr, DAU_otr, WAU_otr, MAU_otr, cost_per_click_otr, click_through_rate_otr, cost_per_acquisition_otr успешно прочитан
2025-10-22 19:56:08,141 - Соединение с сервером закрыто
2025-10-22 19:56:34,733 - Подключение прошло успешно
2025-10-22 19:56:34,734 -  файл on_the_contrary_eng, p_value_otr, null_hypothesis_otr, alt_hyputhesis_itr, DAU_otr, WAU_otr, MAU_otr, cost_per_click_otr, click_through_rate_otr, cost_per_acquisition_otr успешно прочитан
2025-10-22 19:56:34,737 - Kомментарий успешно добавлен
2025-10-22 19:56:34,737 - Соединение с сервером закрыто
2025-10-22 20:00:18,865 - Подключение прошло успешно
2025-10-22 20:00:18,865 -  файл on_the_contrary_eng, p_value_otr, null_hypothesis_otr, alt_hyputhesis_itr успешно прочитан
2025-10-22 20:00:18,868 - Kомментарий успешно добавлен
2025-10-22 20:00:18,869 - Соединение с сервером закрыто
2025-10-22 20:00:44,512 - Подключение прошло успешно
2025-10-22 20:00:44,514 -  файл on_the_contrary_eng, p_value_otr, null_hypothesis_otr, alt_hyputhesis_itr успешно прочитан
2025-10-22 20:00:44,515 - Соединение с сервером закрыто
2025-10-22 20:04:09,171 - Подключение прошло успешно
2025-10-22 20:04:09,172 -  файл DAU_otr, WAU_otr, MAU_otr, cost_per_click_otr, click_through_rate_otr, cost_per_acquisition_otr успешно прочитан
2025-10-22 20:04:09,173 - Kомментарий успешно добавлен
2025-10-22 20:04:09,173 - Соединение с сервером закрыто
2025-10-23 17:08:24,520 - Подключение прошло успешно
2025-10-23 17:08:24,521 -  файл data_werehouse_db, ETL_db, ELT_db успешно прочитан
2025-10-23 17:08:24,522 - Kомментарий успешно добавлен
2025-10-23 17:08:24,522 - Соединение с сервером закрыто
2025-10-23 17:10:07,801 - Подключение прошло успешно
2025-10-23 17:10:07,802 -  файл data_werehouse_db, ETL_db, ELT_db успешно прочитан
2025-10-23 17:10:07,811 - Kомментарий успешно добавлен
2025-10-23 17:10:07,811 - Соединение с сервером закрыто
